Traceback (most recent call last):
  File "/home/user/miniconda3/lib/python3.13/site-packages/pandas/core/indexes/base.py", line 3812, in get_loc
    return self._engine.get_loc(casted_key)
           ~~~~~~~~~~~~~~~~~~~~^^^^^^^^^^^^
  File "pandas/_libs/index.pyx", line 167, in pandas._libs.index.IndexEngine.get_loc
  File "pandas/_libs/index.pyx", line 196, in pandas._libs.index.IndexEngine.get_loc
  File "pandas/_libs/hashtable_class_helper.pxi", line 7088, in pandas._libs.hashtable.PyObjectHashTable.get_item
  File "pandas/_libs/hashtable_class_helper.pxi", line 7096, in pandas._libs.hashtable.PyObjectHashTable.get_item
KeyError: 'sample_id'

The above exception was the direct cause of the following exception:

Traceback (most recent call last):
  File "/home/user/persistent/NeAR_fix_Public-Cardiac-CT-Dataset/NeAR/repairing/near_repairing/stage1_coronary/inference_coronary.py", line 192, in <module>
    main()
    ~~~~^^
  File "/home/user/persistent/NeAR_fix_Public-Cardiac-CT-Dataset/NeAR/repairing/near_repairing/stage1_coronary/inference_coronary.py", line 141, in main
    sample_ids = info_df['sample_id'].values
                 ~~~~~~~^^^^^^^^^^^^^
  File "/home/user/miniconda3/lib/python3.13/site-packages/pandas/core/frame.py", line 4113, in __getitem__
    indexer = self.columns.get_loc(key)
  File "/home/user/miniconda3/lib/python3.13/site-packages/pandas/core/indexes/base.py", line 3819, in get_loc
    raise KeyError(key) from err
KeyError: 'sample_id'
